2021-12-16 18:14:26,761 DEBUG    root            Loaded Command Group: ['gcloud', 'init']
2021-12-16 18:14:26,762 DEBUG    root            Running [gcloud.init] with arguments: []
2021-12-16 18:14:26,762 INFO     ___FILE_ONLY___ Welcome! This command will take you through the configuration of gcloud.


2021-12-16 18:14:26,763 INFO     ___FILE_ONLY___ Your current configuration has been set to: [default]


2021-12-16 18:14:26,763 INFO     ___FILE_ONLY___ You can skip diagnostics next time by using the following flag:

2021-12-16 18:14:26,763 INFO     ___FILE_ONLY___   gcloud init --skip-diagnostics


2021-12-16 18:14:26,763 INFO     ___FILE_ONLY___ Network diagnostic detects and fixes local network connection issues.

2021-12-16 18:14:26,764 INFO     ___FILE_ONLY___ Checking network connection...
2021-12-16 18:14:29,278 DEBUG    urllib3.connectionpool Starting new HTTPS connection (1): accounts.google.com:443
2021-12-16 18:14:29,532 DEBUG    urllib3.connectionpool https://accounts.google.com:443 "GET / HTTP/1.1" 302 338
2021-12-16 18:14:29,722 DEBUG    urllib3.connectionpool https://accounts.google.com:443 "GET /ServiceLogin?passive=1209600&continue=https%3A%2F%2Faccounts.google.com%2F&followup=https%3A%2F%2Faccounts.google.com%2F HTTP/1.1" 200 None
2021-12-16 18:14:29,847 DEBUG    urllib3.connectionpool Starting new HTTPS connection (1): cloudresourcemanager.googleapis.com:443
2021-12-16 18:14:31,165 DEBUG    urllib3.connectionpool https://cloudresourcemanager.googleapis.com:443 "GET /v1beta1/projects HTTP/1.1" 401 None
2021-12-16 18:14:31,173 DEBUG    urllib3.connectionpool Starting new HTTPS connection (1): www.googleapis.com:443
2021-12-16 18:14:31,448 DEBUG    urllib3.connectionpool https://www.googleapis.com:443 "GET /auth/cloud-platform HTTP/1.1" 200 14
2021-12-16 18:14:31,457 DEBUG    urllib3.connectionpool Starting new HTTPS connection (1): dl.google.com:443
2021-12-16 18:14:31,768 DEBUG    urllib3.connectionpool https://dl.google.com:443 "GET /dl/cloudsdk/channels/rapid/components-2.json HTTP/1.1" 200 176227
2021-12-16 18:14:32,058 INFO     ___FILE_ONLY___ Reachability Check passed.

2021-12-16 18:14:32,059 INFO     ___FILE_ONLY___ Network diagnostic passed (1/1 checks passed).


2021-12-16 18:14:35,071 DEBUG    root            Loaded Command Group: ['gcloud', 'auth']
2021-12-16 18:14:35,187 DEBUG    root            Loaded Command Group: ['gcloud', 'auth', 'login']
2021-12-16 18:14:35,188 INFO     root            Executing: [gcloud auth login --force --brief]
2021-12-16 18:14:35,193 DEBUG    root            Running [gcloud.auth.login] with arguments: [--brief: "True", --force: "True"]
2021-12-16 18:14:35,195 DEBUG    requests_oauthlib.oauth2_session Generated new state y6jcHEbUSx8Q6WDsFxQ7Po60La57nN.
2021-12-16 18:14:35,318 INFO     ___FILE_ONLY___ Your browser has been opened to visit:

    https://accounts.google.com/o/oauth2/auth?response_type=code&client_id=32555940559.apps.googleusercontent.com&redirect_uri=http%3A%2F%2Flocalhost%3A8085%2F&scope=openid+https%3A%2F%2Fwww.googleapis.com%2Fauth%2Fuserinfo.email+https%3A%2F%2Fwww.googleapis.com%2Fauth%2Fcloud-platform+https%3A%2F%2Fwww.googleapis.com%2Fauth%2Fappengine.admin+https%3A%2F%2Fwww.googleapis.com%2Fauth%2Fcompute+https%3A%2F%2Fwww.googleapis.com%2Fauth%2Faccounts.reauth&state=y6jcHEbUSx8Q6WDsFxQ7Po60La57nN&access_type=offline&code_challenge=fxAPdwRo8OI6d-11dubbQHKFujv1HpkVzYCUPfwzt_k&code_challenge_method=S256


2021-12-16 18:14:40,416 INFO     google_auth_oauthlib.flow "GET /?state=y6jcHEbUSx8Q6WDsFxQ7Po60La57nN&code=4/0AX4XfWhvb8RySOty4a5Jhqy6M5d651fssDhh-QhoXMXtsMxV5To4sdsSKOE6ZMzdYLiLMQ&scope=email%20openid%20https://www.googleapis.com/auth/userinfo.email%20https://www.googleapis.com/auth/cloud-platform%20https://www.googleapis.com/auth/appengine.admin%20https://www.googleapis.com/auth/compute%20https://www.googleapis.com/auth/accounts.reauth&authuser=0&hd=k2qcapital.com&prompt=consent HTTP/1.1" 200 959
2021-12-16 18:14:40,419 DEBUG    requests_oauthlib.oauth2_session Requesting url https://oauth2.googleapis.com/token using method POST.
2021-12-16 18:14:40,419 DEBUG    requests_oauthlib.oauth2_session Supplying headers {b'Accept': b'application/json', b'Content-Type': b'application/x-www-form-urlencoded;charset=UTF-8', b'user-agent': b'google-cloud-sdk gcloud/367.0.0 command/gcloud.auth.login invocation-id/d612c38cbb3043caa0138ae73cb8dbd6 environment/None environment-version/None interactive/True from-script/False python/3.9.1 term/screen-256color (Macintosh; Intel Mac OS X 20.6.0)'} and data {'grant_type': 'authorization_code', 'client_id': '32555940559.apps.googleusercontent.com', 'client_secret': 'ZmssLNjJy2998hD4CTg2ejr2', 'code': '4/0AX4XfWhvb8RySOty4a5Jhqy6M5d651fssDhh-QhoXMXtsMxV5To4sdsSKOE6ZMzdYLiLMQ', 'redirect_uri': 'http://localhost:8085/', 'code_verifier': 'ULsPlLCSH9MQUGQHDwvp~ITnRQza4cohLUqsXABv0HUaLr382j~yyAzw4~5IKKE1V5nizKNKDzR6CvTGi~0d7DVGLdIpLcVXI1-R.bzeNZkFi6qd-BfVWlorz~6tGcyR'}
2021-12-16 18:14:40,419 DEBUG    requests_oauthlib.oauth2_session Passing through key word arguments {'json': None, 'timeout': None, 'auth': None, 'verify': None, 'proxies': None}.
2021-12-16 18:14:40,435 DEBUG    urllib3.connectionpool Starting new HTTPS connection (1): oauth2.googleapis.com:443
2021-12-16 18:14:40,691 DEBUG    urllib3.connectionpool https://oauth2.googleapis.com:443 "POST /token HTTP/1.1" 200 None
2021-12-16 18:14:40,706 DEBUG    requests_oauthlib.oauth2_session Prepared fetch token request body grant_type=authorization_code&client_id=32555940559.apps.googleusercontent.com&client_secret=ZmssLNjJy2998hD4CTg2ejr2&code=4%2F0AX4XfWhvb8RySOty4a5Jhqy6M5d651fssDhh-QhoXMXtsMxV5To4sdsSKOE6ZMzdYLiLMQ&redirect_uri=http%3A%2F%2Flocalhost%3A8085%2F&code_verifier=ULsPlLCSH9MQUGQHDwvp~ITnRQza4cohLUqsXABv0HUaLr382j~yyAzw4~5IKKE1V5nizKNKDzR6CvTGi~0d7DVGLdIpLcVXI1-R.bzeNZkFi6qd-BfVWlorz~6tGcyR
2021-12-16 18:14:40,706 DEBUG    requests_oauthlib.oauth2_session Request to fetch token completed with status 200.
2021-12-16 18:14:40,707 DEBUG    requests_oauthlib.oauth2_session Request headers were {'user-agent': b'google-cloud-sdk gcloud/367.0.0 command/gcloud.auth.login invocation-id/d612c38cbb3043caa0138ae73cb8dbd6 environment/None environment-version/None interactive/True from-script/False python/3.9.1 term/screen-256color (Macintosh; Intel Mac OS X 20.6.0)', 'Accept-Encoding': 'gzip, deflate', 'Accept': b'application/json', 'Connection': 'keep-alive', 'Content-Type': b'application/x-www-form-urlencoded;charset=UTF-8', 'Content-Length': '387'}
2021-12-16 18:14:40,707 DEBUG    requests_oauthlib.oauth2_session Request body was grant_type=authorization_code&client_id=32555940559.apps.googleusercontent.com&client_secret=ZmssLNjJy2998hD4CTg2ejr2&code=4%2F0AX4XfWhvb8RySOty4a5Jhqy6M5d651fssDhh-QhoXMXtsMxV5To4sdsSKOE6ZMzdYLiLMQ&redirect_uri=http%3A%2F%2Flocalhost%3A8085%2F&code_verifier=ULsPlLCSH9MQUGQHDwvp~ITnRQza4cohLUqsXABv0HUaLr382j~yyAzw4~5IKKE1V5nizKNKDzR6CvTGi~0d7DVGLdIpLcVXI1-R.bzeNZkFi6qd-BfVWlorz~6tGcyR
2021-12-16 18:14:40,707 DEBUG    requests_oauthlib.oauth2_session Response headers were {'Date': 'Thu, 16 Dec 2021 12:44:40 GMT', 'Expires': 'Mon, 01 Jan 1990 00:00:00 GMT', 'Cache-Control': 'no-cache, no-store, max-age=0, must-revalidate', 'Pragma': 'no-cache', 'Content-Type': 'application/json; charset=utf-8', 'Vary': 'Origin, X-Origin, Referer', 'Content-Encoding': 'gzip', 'Server': 'scaffolding on HTTPServer2', 'X-XSS-Protection': '0', 'X-Frame-Options': 'SAMEORIGIN', 'X-Content-Type-Options': 'nosniff', 'Alt-Svc': 'h3=":443"; ma=2592000,h3-29=":443"; ma=2592000,h3-Q050=":443"; ma=2592000,h3-Q046=":443"; ma=2592000,h3-Q043=":443"; ma=2592000,quic=":443"; ma=2592000; v="46,43"', 'Transfer-Encoding': 'chunked'} and content {
  "access_token": "ya29.a0ARrdaM_lE7scle_a4HYHUtm_1L59Xf2bsrpfB76JROqJel64xp9IeZKQs6BwCLkQqobiitWlsX_vl0XNaFO9iwbd2jP0NDjQm_BV5fyl43E-p0ff1hZPim7WjsWUwKJLOuyaLImaayn_5mqpkLxgcSZUiOhTnowHTPvd",
  "expires_in": 3599,
  "refresh_token": "1//0gtVKtC8gylAcCgYIARAAGBASNwF-L9IrLuMAfR_LcV2AWxV2T35JYtnjpxrUwO7sxc_9AD5Aoplt_S_X3NuQP68RsfxP8IoRcOM",
  "scope": "https://www.googleapis.com/auth/compute openid https://www.googleapis.com/auth/cloud-platform https://www.googleapis.com/auth/accounts.reauth https://www.googleapis.com/auth/userinfo.email https://www.googleapis.com/auth/appengine.admin",
  "token_type": "Bearer",
  "id_token": "eyJhbGciOiJSUzI1NiIsImtpZCI6ImMxODkyZWI0OWQ3ZWY5YWRmOGIyZTE0YzA1Y2EwZDAzMjcxNGEyMzciLCJ0eXAiOiJKV1QifQ.eyJpc3MiOiJodHRwczovL2FjY291bnRzLmdvb2dsZS5jb20iLCJhenAiOiIzMjU1NTk0MDU1OS5hcHBzLmdvb2dsZXVzZXJjb250ZW50LmNvbSIsImF1ZCI6IjMyNTU1OTQwNTU5LmFwcHMuZ29vZ2xldXNlcmNvbnRlbnQuY29tIiwic3ViIjoiMTAwODMxMDM5NDEyOTQzNjk4ODI0IiwiaGQiOiJrMnFjYXBpdGFsLmNvbSIsImVtYWlsIjoibWFuZGVlcC5zaW5naEBrMnFjYXBpdGFsLmNvbSIsImVtYWlsX3ZlcmlmaWVkIjp0cnVlLCJhdF9oYXNoIjoiWlNHTWVTdUdXQ1QxS29vc09wZnl3ZyIsImlhdCI6MTYzOTY1ODY4MCwiZXhwIjoxNjM5NjYyMjgwfQ.FjlilJwpTbgwgH6vhQ_Nkv3eH5G8xiqK3zyLD2U3gCIgvLOFHaVKf6InbrBpMTf-27O5mv1v-8-ny3A90PBnQstPNlXV4KQNyRoSppVpxQr8S4s2_JpJfKaAxdDYFDTNJBUbeWn1uUm_e9aMkub8fR3_d7Sh0JH7jF2PTbmEgxtqBAlL9_ZFK6qu4XWXXMCNTbx9FYi9Vjn5KaUpMwgLWPV6TDG8x8n-FZyw2UkOCR9WbtPtIyRo2xROy1d4eVHcU5caSVgZkMH9fJf0-Afg74MuDgvQso3I2l2on-dnkJHmL2WyWKPB-Ce5qtlcWHcle2mq0Ow4rqTeQPpx0X7PHA"
}.
2021-12-16 18:14:40,707 DEBUG    requests_oauthlib.oauth2_session Invoking 0 token response hooks.
2021-12-16 18:14:40,708 DEBUG    requests_oauthlib.oauth2_session Obtained token {'access_token': 'ya29.a0ARrdaM_lE7scle_a4HYHUtm_1L59Xf2bsrpfB76JROqJel64xp9IeZKQs6BwCLkQqobiitWlsX_vl0XNaFO9iwbd2jP0NDjQm_BV5fyl43E-p0ff1hZPim7WjsWUwKJLOuyaLImaayn_5mqpkLxgcSZUiOhTnowHTPvd', 'expires_in': 3599, 'refresh_token': '1//0gtVKtC8gylAcCgYIARAAGBASNwF-L9IrLuMAfR_LcV2AWxV2T35JYtnjpxrUwO7sxc_9AD5Aoplt_S_X3NuQP68RsfxP8IoRcOM', 'scope': ['https://www.googleapis.com/auth/compute', 'openid', 'https://www.googleapis.com/auth/cloud-platform', 'https://www.googleapis.com/auth/accounts.reauth', 'https://www.googleapis.com/auth/userinfo.email', 'https://www.googleapis.com/auth/appengine.admin'], 'token_type': 'Bearer', 'id_token': 'eyJhbGciOiJSUzI1NiIsImtpZCI6ImMxODkyZWI0OWQ3ZWY5YWRmOGIyZTE0YzA1Y2EwZDAzMjcxNGEyMzciLCJ0eXAiOiJKV1QifQ.eyJpc3MiOiJodHRwczovL2FjY291bnRzLmdvb2dsZS5jb20iLCJhenAiOiIzMjU1NTk0MDU1OS5hcHBzLmdvb2dsZXVzZXJjb250ZW50LmNvbSIsImF1ZCI6IjMyNTU1OTQwNTU5LmFwcHMuZ29vZ2xldXNlcmNvbnRlbnQuY29tIiwic3ViIjoiMTAwODMxMDM5NDEyOTQzNjk4ODI0IiwiaGQiOiJrMnFjYXBpdGFsLmNvbSIsImVtYWlsIjoibWFuZGVlcC5zaW5naEBrMnFjYXBpdGFsLmNvbSIsImVtYWlsX3ZlcmlmaWVkIjp0cnVlLCJhdF9oYXNoIjoiWlNHTWVTdUdXQ1QxS29vc09wZnl3ZyIsImlhdCI6MTYzOTY1ODY4MCwiZXhwIjoxNjM5NjYyMjgwfQ.FjlilJwpTbgwgH6vhQ_Nkv3eH5G8xiqK3zyLD2U3gCIgvLOFHaVKf6InbrBpMTf-27O5mv1v-8-ny3A90PBnQstPNlXV4KQNyRoSppVpxQr8S4s2_JpJfKaAxdDYFDTNJBUbeWn1uUm_e9aMkub8fR3_d7Sh0JH7jF2PTbmEgxtqBAlL9_ZFK6qu4XWXXMCNTbx9FYi9Vjn5KaUpMwgLWPV6TDG8x8n-FZyw2UkOCR9WbtPtIyRo2xROy1d4eVHcU5caSVgZkMH9fJf0-Afg74MuDgvQso3I2l2on-dnkJHmL2WyWKPB-Ce5qtlcWHcle2mq0Ow4rqTeQPpx0X7PHA', 'expires_at': 1639662279.707995}.
2021-12-16 18:14:40,721 INFO     root            Display format: "none"
2021-12-16 18:14:40,724 DEBUG    root            Checking for updates...
2021-12-16 18:14:40,727 DEBUG    urllib3.connectionpool Starting new HTTPS connection (1): dl.google.com:443
2021-12-16 18:14:41,006 DEBUG    urllib3.connectionpool https://dl.google.com:443 "GET /dl/cloudsdk/channels/rapid/components-2.json HTTP/1.1" 200 176227
2021-12-16 18:14:41,199 DEBUG    root            Updating notification cache...
2021-12-16 18:14:41,205 INFO     ___FILE_ONLY___ You are logged in as: [mandeep.singh@k2qcapital.com].


2021-12-16 18:14:41,242 DEBUG    urllib3.connectionpool Starting new HTTPS connection (1): cloudresourcemanager.googleapis.com:443
2021-12-16 18:14:42,630 DEBUG    urllib3.connectionpool https://cloudresourcemanager.googleapis.com:443 "GET /v1/projects?alt=json&filter=lifecycleState%3AACTIVE&pageSize=201 HTTP/1.1" 200 None
2021-12-16 18:14:48,851 INFO     root            Display format: "default"
2021-12-16 18:14:48,882 DEBUG    root            Metrics reporting process started...
